1729594318.368585 client started (39506): version 3.4, socket /tmp/tmux-1000/default, protocol 8
1729594318.368620 on Linux 6.10.12-200.fc40.x86_64 #1 SMP PREEMPT_DYNAMIC Mon Sep 30 21:38:25 UTC 2024
1729594318.368635 using libevent 2.1.12-stable poll
1729594318.368647 using ncurses 6.4 20240127
1729594318.368671 flags are 0x18010000
1729594318.368691 socket is /tmp/tmux-1000/default
1729594318.368724 trying connect
1729594318.368809 add peer 0x55c72273cc60: 6 ((nil))
1729594318.369184 sending message 100 to peer 0x55c72273cc60 (4 bytes)
1729594318.369201 sending message 111 to peer 0x55c72273cc60 (8 bytes)
1729594318.369212 sending message 101 to peer 0x55c72273cc60 (15 bytes)
1729594318.369223 sending message 109 to peer 0x55c72273cc60 (4 bytes)
1729594318.369234 sending message 102 to peer 0x55c72273cc60 (11 bytes)
1729594318.369245 sending message 108 to peer 0x55c72273cc60 (43 bytes)
1729594318.369257 sending message 112 to peer 0x55c72273cc60 (58 bytes)
1729594318.369268 sending message 112 to peer 0x55c72273cc60 (5 bytes)
1729594318.369279 sending message 112 to peer 0x55c72273cc60 (5 bytes)
1729594318.369290 sending message 112 to peer 0x55c72273cc60 (6 bytes)
1729594318.369301 sending message 112 to peer 0x55c72273cc60 (6 bytes)
1729594318.369312 sending message 112 to peer 0x55c72273cc60 (11 bytes)
1729594318.369323 sending message 112 to peer 0x55c72273cc60 (10 bytes)
1729594318.369334 sending message 112 to peer 0x55c72273cc60 (13 bytes)
1729594318.369345 sending message 112 to peer 0x55c72273cc60 (14 bytes)
1729594318.369356 sending message 112 to peer 0x55c72273cc60 (19 bytes)
1729594318.369368 sending message 112 to peer 0x55c72273cc60 (11 bytes)
1729594318.369392 sending message 112 to peer 0x55c72273cc60 (10 bytes)
1729594318.369400 sending message 112 to peer 0x55c72273cc60 (15 bytes)
1729594318.369409 sending message 112 to peer 0x55c72273cc60 (21 bytes)
1729594318.369420 sending message 112 to peer 0x55c72273cc60 (13 bytes)
1729594318.369431 sending message 112 to peer 0x55c72273cc60 (7 bytes)
1729594318.369442 sending message 112 to peer 0x55c72273cc60 (13 bytes)
1729594318.369454 sending message 112 to peer 0x55c72273cc60 (7 bytes)
1729594318.369464 sending message 112 to peer 0x55c72273cc60 (13 bytes)
1729594318.369475 sending message 112 to peer 0x55c72273cc60 (9 bytes)
1729594318.369486 sending message 112 to peer 0x55c72273cc60 (21 bytes)
1729594318.369497 sending message 112 to peer 0x55c72273cc60 (13 bytes)
1729594318.369508 sending message 112 to peer 0x55c72273cc60 (9 bytes)
1729594318.369519 sending message 112 to peer 0x55c72273cc60 (16 bytes)
1729594318.369530 sending message 112 to peer 0x55c72273cc60 (13 bytes)
1729594318.369542 sending message 112 to peer 0x55c72273cc60 (9 bytes)
1729594318.369553 sending message 112 to peer 0x55c72273cc60 (9 bytes)
1729594318.369564 sending message 112 to peer 0x55c72273cc60 (12 bytes)
1729594318.369575 sending message 112 to peer 0x55c72273cc60 (8 bytes)
1729594318.369586 sending message 112 to peer 0x55c72273cc60 (8 bytes)
1729594318.369597 sending message 112 to peer 0x55c72273cc60 (13 bytes)
1729594318.369608 sending message 112 to peer 0x55c72273cc60 (7 bytes)
1729594318.369619 sending message 112 to peer 0x55c72273cc60 (7 bytes)
1729594318.369630 sending message 112 to peer 0x55c72273cc60 (9 bytes)
1729594318.369641 sending message 112 to peer 0x55c72273cc60 (9 bytes)
1729594318.369652 sending message 112 to peer 0x55c72273cc60 (15 bytes)
1729594318.369663 sending message 112 to peer 0x55c72273cc60 (13 bytes)
1729594318.369674 sending message 112 to peer 0x55c72273cc60 (12 bytes)
1729594318.369685 sending message 112 to peer 0x55c72273cc60 (8 bytes)
1729594318.369696 sending message 112 to peer 0x55c72273cc60 (14 bytes)
1729594318.369708 sending message 112 to peer 0x55c72273cc60 (11 bytes)
1729594318.369719 sending message 112 to peer 0x55c72273cc60 (9 bytes)
1729594318.369730 sending message 112 to peer 0x55c72273cc60 (10 bytes)
1729594318.369741 sending message 112 to peer 0x55c72273cc60 (10 bytes)
1729594318.369752 sending message 112 to peer 0x55c72273cc60 (10 bytes)
1729594318.369775 sending message 112 to peer 0x55c72273cc60 (10 bytes)
1729594318.369787 sending message 112 to peer 0x55c72273cc60 (11 bytes)
1729594318.369799 sending message 112 to peer 0x55c72273cc60 (12 bytes)
1729594318.369810 sending message 112 to peer 0x55c72273cc60 (12 bytes)
1729594318.369821 sending message 112 to peer 0x55c72273cc60 (12 bytes)
1729594318.369832 sending message 112 to peer 0x55c72273cc60 (12 bytes)
1729594318.369843 sending message 112 to peer 0x55c72273cc60 (12 bytes)
1729594318.369854 sending message 112 to peer 0x55c72273cc60 (11 bytes)
1729594318.369865 sending message 112 to peer 0x55c72273cc60 (11 bytes)
1729594318.369877 sending message 112 to peer 0x55c72273cc60 (12 bytes)
1729594318.369888 sending message 112 to peer 0x55c72273cc60 (12 bytes)
1729594318.369900 sending message 112 to peer 0x55c72273cc60 (12 bytes)
1729594318.369911 sending message 112 to peer 0x55c72273cc60 (12 bytes)
1729594318.369922 sending message 112 to peer 0x55c72273cc60 (12 bytes)
1729594318.369933 sending message 112 to peer 0x55c72273cc60 (9 bytes)
1729594318.369945 sending message 112 to peer 0x55c72273cc60 (12 bytes)
1729594318.369956 sending message 112 to peer 0x55c72273cc60 (13 bytes)
1729594318.369967 sending message 112 to peer 0x55c72273cc60 (13 bytes)
1729594318.369978 sending message 112 to peer 0x55c72273cc60 (13 bytes)
1729594318.369989 sending message 112 to peer 0x55c72273cc60 (13 bytes)
1729594318.370000 sending message 112 to peer 0x55c72273cc60 (13 bytes)
1729594318.370011 sending message 112 to peer 0x55c72273cc60 (8 bytes)
1729594318.370023 sending message 112 to peer 0x55c72273cc60 (11 bytes)
1729594318.370034 sending message 112 to peer 0x55c72273cc60 (11 bytes)
1729594318.370045 sending message 112 to peer 0x55c72273cc60 (11 bytes)
1729594318.370056 sending message 112 to peer 0x55c72273cc60 (12 bytes)
1729594318.370065 sending message 112 to peer 0x55c72273cc60 (12 bytes)
1729594318.370073 sending message 112 to peer 0x55c72273cc60 (12 bytes)
1729594318.370084 sending message 112 to peer 0x55c72273cc60 (12 bytes)
1729594318.370094 sending message 112 to peer 0x55c72273cc60 (13 bytes)
1729594318.370104 sending message 112 to peer 0x55c72273cc60 (13 bytes)
1729594318.370115 sending message 112 to peer 0x55c72273cc60 (13 bytes)
1729594318.370126 sending message 112 to peer 0x55c72273cc60 (8 bytes)
1729594318.370136 sending message 112 to peer 0x55c72273cc60 (13 bytes)
1729594318.370147 sending message 112 to peer 0x55c72273cc60 (13 bytes)
1729594318.370156 sending message 112 to peer 0x55c72273cc60 (13 bytes)
1729594318.370163 sending message 112 to peer 0x55c72273cc60 (13 bytes)
1729594318.370175 sending message 112 to peer 0x55c72273cc60 (13 bytes)
1729594318.370186 sending message 112 to peer 0x55c72273cc60 (12 bytes)
1729594318.370197 sending message 112 to peer 0x55c72273cc60 (12 bytes)
1729594318.370208 sending message 112 to peer 0x55c72273cc60 (12 bytes)
1729594318.370220 sending message 112 to peer 0x55c72273cc60 (12 bytes)
1729594318.370231 sending message 112 to peer 0x55c72273cc60 (13 bytes)
1729594318.370242 sending message 112 to peer 0x55c72273cc60 (8 bytes)
1729594318.370251 sending message 112 to peer 0x55c72273cc60 (13 bytes)
1729594318.370262 sending message 112 to peer 0x55c72273cc60 (13 bytes)
1729594318.370271 sending message 112 to peer 0x55c72273cc60 (13 bytes)
1729594318.370280 sending message 112 to peer 0x55c72273cc60 (13 bytes)
1729594318.370290 sending message 112 to peer 0x55c72273cc60 (13 bytes)
1729594318.370300 sending message 112 to peer 0x55c72273cc60 (13 bytes)
1729594318.370311 sending message 112 to peer 0x55c72273cc60 (13 bytes)
1729594318.370322 sending message 112 to peer 0x55c72273cc60 (12 bytes)
1729594318.370333 sending message 112 to peer 0x55c72273cc60 (12 bytes)
1729594318.370344 sending message 112 to peer 0x55c72273cc60 (12 bytes)
1729594318.370353 sending message 112 to peer 0x55c72273cc60 (8 bytes)
1729594318.370365 sending message 112 to peer 0x55c72273cc60 (12 bytes)
1729594318.370387 sending message 112 to peer 0x55c72273cc60 (13 bytes)
1729594318.370404 sending message 112 to peer 0x55c72273cc60 (13 bytes)
1729594318.370414 sending message 112 to peer 0x55c72273cc60 (13 bytes)
1729594318.370423 sending message 112 to peer 0x55c72273cc60 (13 bytes)
1729594318.370435 sending message 112 to peer 0x55c72273cc60 (13 bytes)
1729594318.370443 sending message 112 to peer 0x55c72273cc60 (13 bytes)
1729594318.370452 sending message 112 to peer 0x55c72273cc60 (13 bytes)
1729594318.370463 sending message 112 to peer 0x55c72273cc60 (13 bytes)
1729594318.370472 sending message 112 to peer 0x55c72273cc60 (12 bytes)
1729594318.370484 sending message 112 to peer 0x55c72273cc60 (10 bytes)
1729594318.370492 sending message 112 to peer 0x55c72273cc60 (12 bytes)
1729594318.370500 sending message 112 to peer 0x55c72273cc60 (12 bytes)
1729594318.370509 sending message 112 to peer 0x55c72273cc60 (12 bytes)
1729594318.370520 sending message 112 to peer 0x55c72273cc60 (13 bytes)
1729594318.370531 sending message 112 to peer 0x55c72273cc60 (13 bytes)
1729594318.370540 sending message 112 to peer 0x55c72273cc60 (13 bytes)
1729594318.370550 sending message 112 to peer 0x55c72273cc60 (13 bytes)
1729594318.370560 sending message 112 to peer 0x55c72273cc60 (13 bytes)
1729594318.370572 sending message 112 to peer 0x55c72273cc60 (13 bytes)
1729594318.370581 sending message 112 to peer 0x55c72273cc60 (13 bytes)
1729594318.370592 sending message 112 to peer 0x55c72273cc60 (10 bytes)
1729594318.370603 sending message 112 to peer 0x55c72273cc60 (13 bytes)
1729594318.370614 sending message 112 to peer 0x55c72273cc60 (12 bytes)
1729594318.370625 sending message 112 to peer 0x55c72273cc60 (12 bytes)
1729594318.370636 sending message 112 to peer 0x55c72273cc60 (12 bytes)
1729594318.370645 sending message 112 to peer 0x55c72273cc60 (10 bytes)
1729594318.370654 sending message 112 to peer 0x55c72273cc60 (10 bytes)
1729594318.370665 sending message 112 to peer 0x55c72273cc60 (10 bytes)
1729594318.370674 sending message 112 to peer 0x55c72273cc60 (12 bytes)
1729594318.370685 sending message 112 to peer 0x55c72273cc60 (13 bytes)
1729594318.370694 sending message 112 to peer 0x55c72273cc60 (13 bytes)
1729594318.370704 sending message 112 to peer 0x55c72273cc60 (13 bytes)
1729594318.370712 sending message 112 to peer 0x55c72273cc60 (13 bytes)
1729594318.370721 sending message 112 to peer 0x55c72273cc60 (13 bytes)
1729594318.370732 sending message 112 to peer 0x55c72273cc60 (10 bytes)
1729594318.370744 sending message 112 to peer 0x55c72273cc60 (11 bytes)
1729594318.370755 sending message 112 to peer 0x55c72273cc60 (12 bytes)
1729594318.370766 sending message 112 to peer 0x55c72273cc60 (12 bytes)
1729594318.370777 sending message 112 to peer 0x55c72273cc60 (12 bytes)
1729594318.370788 sending message 112 to peer 0x55c72273cc60 (12 bytes)
1729594318.370797 sending message 112 to peer 0x55c72273cc60 (12 bytes)
1729594318.370808 sending message 112 to peer 0x55c72273cc60 (11 bytes)
1729594318.370816 sending message 112 to peer 0x55c72273cc60 (12 bytes)
1729594318.370828 sending message 112 to peer 0x55c72273cc60 (12 bytes)
1729594318.370836 sending message 112 to peer 0x55c72273cc60 (13 bytes)
1729594318.370846 sending message 112 to peer 0x55c72273cc60 (13 bytes)
1729594318.370857 sending message 112 to peer 0x55c72273cc60 (13 bytes)
1729594318.370866 sending message 112 to peer 0x55c72273cc60 (13 bytes)
1729594318.370877 sending message 112 to peer 0x55c72273cc60 (13 bytes)
1729594318.370888 sending message 112 to peer 0x55c72273cc60 (10 bytes)
1729594318.370897 sending message 112 to peer 0x55c72273cc60 (9 bytes)
1729594318.370906 sending message 112 to peer 0x55c72273cc60 (12 bytes)
1729594318.370917 sending message 112 to peer 0x55c72273cc60 (13 bytes)
1729594318.370928 sending message 112 to peer 0x55c72273cc60 (13 bytes)
1729594318.370938 sending message 112 to peer 0x55c72273cc60 (13 bytes)
1729594318.370947 sending message 112 to peer 0x55c72273cc60 (13 bytes)
1729594318.370955 sending message 112 to peer 0x55c72273cc60 (13 bytes)
1729594318.370966 sending message 112 to peer 0x55c72273cc60 (9 bytes)
1729594318.370983 sending message 112 to peer 0x55c72273cc60 (12 bytes)
1729594318.370992 sending message 112 to peer 0x55c72273cc60 (13 bytes)
1729594318.371003 sending message 112 to peer 0x55c72273cc60 (13 bytes)
1729594318.371014 sending message 112 to peer 0x55c72273cc60 (13 bytes)
1729594318.371025 sending message 112 to peer 0x55c72273cc60 (13 bytes)
1729594318.371037 sending message 112 to peer 0x55c72273cc60 (13 bytes)
1729594318.371048 sending message 112 to peer 0x55c72273cc60 (11 bytes)
1729594318.371056 sending message 112 to peer 0x55c72273cc60 (12 bytes)
1729594318.371068 sending message 112 to peer 0x55c72273cc60 (13 bytes)
1729594318.371077 sending message 112 to peer 0x55c72273cc60 (13 bytes)
1729594318.371086 sending message 112 to peer 0x55c72273cc60 (13 bytes)
1729594318.371095 sending message 112 to peer 0x55c72273cc60 (13 bytes)
1729594318.371103 sending message 112 to peer 0x55c72273cc60 (13 bytes)
1729594318.371112 sending message 112 to peer 0x55c72273cc60 (11 bytes)
1729594318.371124 sending message 112 to peer 0x55c72273cc60 (12 bytes)
1729594318.371132 sending message 112 to peer 0x55c72273cc60 (12 bytes)
1729594318.371141 sending message 112 to peer 0x55c72273cc60 (12 bytes)
1729594318.371150 sending message 112 to peer 0x55c72273cc60 (12 bytes)
1729594318.371162 sending message 112 to peer 0x55c72273cc60 (12 bytes)
1729594318.371173 sending message 112 to peer 0x55c72273cc60 (21 bytes)
1729594318.371184 sending message 112 to peer 0x55c72273cc60 (12 bytes)
1729594318.371193 sending message 112 to peer 0x55c72273cc60 (9 bytes)
1729594318.371204 sending message 112 to peer 0x55c72273cc60 (6 bytes)
1729594318.371213 sending message 112 to peer 0x55c72273cc60 (13 bytes)
1729594318.371224 sending message 112 to peer 0x55c72273cc60 (10 bytes)
1729594318.371236 sending message 112 to peer 0x55c72273cc60 (24 bytes)
1729594318.371247 sending message 112 to peer 0x55c72273cc60 (13 bytes)
1729594318.371256 sending message 112 to peer 0x55c72273cc60 (9 bytes)
1729594318.371267 sending message 112 to peer 0x55c72273cc60 (70 bytes)
1729594318.371278 sending message 112 to peer 0x55c72273cc60 (69 bytes)
1729594318.371288 sending message 112 to peer 0x55c72273cc60 (12 bytes)
1729594318.371299 sending message 112 to peer 0x55c72273cc60 (10 bytes)
1729594318.371310 sending message 112 to peer 0x55c72273cc60 (10 bytes)
1729594318.371319 sending message 112 to peer 0x55c72273cc60 (24 bytes)
1729594318.371330 sending message 112 to peer 0x55c72273cc60 (13 bytes)
1729594318.371340 sending message 112 to peer 0x55c72273cc60 (10 bytes)
1729594318.371350 sending message 112 to peer 0x55c72273cc60 (10 bytes)
1729594318.371359 sending message 112 to peer 0x55c72273cc60 (10 bytes)
1729594318.371370 sending message 112 to peer 0x55c72273cc60 (13 bytes)
1729594318.371388 sending message 112 to peer 0x55c72273cc60 (15 bytes)
1729594318.371398 sending message 112 to peer 0x55c72273cc60 (5 bytes)
1729594318.371410 sending message 104 to peer 0x55c72273cc60 (0 bytes)
1729594318.371420 sending message 110 to peer 0x55c72273cc60 (0 bytes)
1729594318.371431 sending message 107 to peer 0x55c72273cc60 (4 bytes)
1729594318.371441 sending message 105 to peer 0x55c72273cc60 (63 bytes)
1729594318.371453 sending message 105 to peer 0x55c72273cc60 (13 bytes)
1729594318.371463 sending message 105 to peer 0x55c72273cc60 (19 bytes)
1729594318.371474 sending message 105 to peer 0x55c72273cc60 (44 bytes)
1729594318.371484 sending message 105 to peer 0x55c72273cc60 (52 bytes)
1729594318.371496 sending message 105 to peer 0x55c72273cc60 (50 bytes)
1729594318.371504 sending message 105 to peer 0x55c72273cc60 (21 bytes)
1729594318.371513 sending message 105 to peer 0x55c72273cc60 (20 bytes)
1729594318.371522 sending message 105 to peer 0x55c72273cc60 (20 bytes)
1729594318.371530 sending message 105 to peer 0x55c72273cc60 (11 bytes)
1729594318.371540 sending message 105 to peer 0x55c72273cc60 (24 bytes)
1729594318.371548 sending message 105 to peer 0x55c72273cc60 (13 bytes)
1729594318.371557 sending message 105 to peer 0x55c72273cc60 (35 bytes)
1729594318.371573 sending message 105 to peer 0x55c72273cc60 (23 bytes)
1729594318.371583 sending message 105 to peer 0x55c72273cc60 (27 bytes)
1729594318.371592 sending message 105 to peer 0x55c72273cc60 (26 bytes)
1729594318.371600 sending message 105 to peer 0x55c72273cc60 (122 bytes)
1729594318.371609 sending message 105 to peer 0x55c72273cc60 (35 bytes)
1729594318.371619 sending message 105 to peer 0x55c72273cc60 (21 bytes)
1729594318.371629 sending message 105 to peer 0x55c72273cc60 (73 bytes)
1729594318.371637 sending message 105 to peer 0x55c72273cc60 (50 bytes)
1729594318.371646 sending message 105 to peer 0x55c72273cc60 (16 bytes)
1729594318.371655 sending message 105 to peer 0x55c72273cc60 (51 bytes)
1729594318.371664 sending message 105 to peer 0x55c72273cc60 (47 bytes)
1729594318.371676 sending message 105 to peer 0x55c72273cc60 (29 bytes)
1729594318.371687 sending message 105 to peer 0x55c72273cc60 (1823 bytes)
1729594318.371708 sending message 105 to peer 0x55c72273cc60 (58 bytes)
1729594318.371718 sending message 105 to peer 0x55c72273cc60 (15 bytes)
1729594318.371729 sending message 105 to peer 0x55c72273cc60 (16 bytes)
1729594318.371739 sending message 105 to peer 0x55c72273cc60 (16 bytes)
1729594318.371751 sending message 105 to peer 0x55c72273cc60 (176 bytes)
1729594318.371762 sending message 105 to peer 0x55c72273cc60 (54 bytes)
1729594318.371771 sending message 105 to peer 0x55c72273cc60 (30 bytes)
1729594318.371782 sending message 105 to peer 0x55c72273cc60 (22 bytes)
1729594318.371791 sending message 105 to peer 0x55c72273cc60 (31 bytes)
1729594318.371800 sending message 105 to peer 0x55c72273cc60 (16 bytes)
1729594318.371809 sending message 105 to peer 0x55c72273cc60 (20 bytes)
1729594318.371818 sending message 105 to peer 0x55c72273cc60 (25 bytes)
1729594318.371829 sending message 105 to peer 0x55c72273cc60 (21 bytes)
1729594318.371838 sending message 105 to peer 0x55c72273cc60 (17 bytes)
1729594318.371849 sending message 105 to peer 0x55c72273cc60 (19 bytes)
1729594318.371861 sending message 105 to peer 0x55c72273cc60 (17 bytes)
1729594318.371870 sending message 105 to peer 0x55c72273cc60 (33 bytes)
1729594318.371879 sending message 105 to peer 0x55c72273cc60 (80 bytes)
1729594318.371888 sending message 105 to peer 0x55c72273cc60 (29 bytes)
1729594318.371899 sending message 105 to peer 0x55c72273cc60 (44 bytes)
1729594318.371908 sending message 105 to peer 0x55c72273cc60 (50 bytes)
1729594318.371917 sending message 105 to peer 0x55c72273cc60 (55 bytes)
1729594318.371927 sending message 105 to peer 0x55c72273cc60 (25 bytes)
1729594318.371937 sending message 105 to peer 0x55c72273cc60 (15 bytes)
1729594318.371946 sending message 105 to peer 0x55c72273cc60 (23 bytes)
1729594318.371955 sending message 105 to peer 0x55c72273cc60 (8 bytes)
1729594318.371963 sending message 105 to peer 0x55c72273cc60 (11 bytes)
1729594318.371973 sending message 105 to peer 0x55c72273cc60 (39 bytes)
1729594318.371982 sending message 105 to peer 0x55c72273cc60 (26 bytes)
1729594318.371993 sending message 105 to peer 0x55c72273cc60 (21 bytes)
1729594318.372004 sending message 105 to peer 0x55c72273cc60 (29 bytes)
1729594318.372015 sending message 105 to peer 0x55c72273cc60 (11 bytes)
1729594318.372027 sending message 105 to peer 0x55c72273cc60 (8 bytes)
1729594318.372035 sending message 105 to peer 0x55c72273cc60 (32 bytes)
1729594318.372047 sending message 105 to peer 0x55c72273cc60 (27 bytes)
1729594318.372058 sending message 105 to peer 0x55c72273cc60 (16 bytes)
1729594318.372069 sending message 105 to peer 0x55c72273cc60 (54 bytes)
1729594318.372080 sending message 105 to peer 0x55c72273cc60 (63 bytes)
1729594318.372091 sending message 105 to peer 0x55c72273cc60 (12 bytes)
1729594318.372102 sending message 106 to peer 0x55c72273cc60 (0 bytes)
1729594318.372161 sending message 200 to peer 0x55c72273cc60 (4 bytes)
1729594318.372170 client loop enter
1729594318.378976 peer 0x55c72273cc60 message 207
1729594318.379002 sending message 208 to peer 0x55c72273cc60 (0 bytes)
1729595593.764651 peer 0x55c72273cc60 message 203
1729595593.764690 sending message 205 to peer 0x55c72273cc60 (0 bytes)
1729595593.764916 peer 0x55c72273cc60 message 204
1729595593.764928 client loop exit
